Arguments: 
  D:\下载\下载安装目录\node\node.exe D:\下载\下载安装目录\yarn\bin\yarn.js add @tarojs/plugin-sass --silent --no-progress -D

PATH: 
  D:\下载\下载安装目录\node\node_modules\npm\node_modules\npm-lifecycle\node-gyp-bin;D:\project\formal\BookLendingMiniapp\node_modules\.bin;C:\Users\x1c\AppData\Roaming\npm\node_modules\cnpm\node_modules\npm\node_modules\npm-lifecycle\node-gyp-bin;D:\project\formal\BookLendingMiniapp\node_modules\.bin;C:\WINDOWS\system32;C:\WINDOWS;C:\WINDOWS\System32\Wbem;C:\WINDOWS\System32\WindowsPowerShell\v1.0\;D:\下载\下载安装目录\node\;;D:\下载\下载安装目录\Git\cmd;D:\下载\下载安装目录\yarn\bin\;C:\WINDOWS\System32\OpenSSH\;C:\Users\x1c\AppData\Local\Microsoft\WindowsApps;;D:\下载\下载安装目录\Microsoft VS Code\bin;C:\Users\x1c\AppData\Roaming\npm;C:\Users\x1c\AppData\Local\Yarn\bin

Yarn version: 
  1.15.2

Node version: 
  10.15.3

Platform: 
  win32 x64

Trace: 
  Error: connect ETIMEDOUT 183.57.82.163:443
      at TCPConnectWrap.afterConnect [as oncomplete] (net.js:1097:14)

npm manifest: 
  {
    "name": "myApp",
    "version": "1.0.0",
    "private": true,
    "description": "项目项目",
    "templateInfo": {
      "name": "redux",
      "typescript": true,
      "css": "less"
    },
    "scripts": {
      "build:weapp": "taro build --type weapp",
      "build:swan": "taro build --type swan",
      "build:alipay": "taro build --type alipay",
      "build:tt": "taro build --type tt",
      "build:h5": "taro build --type h5",
      "build:rn": "taro build --type rn",
      "start": "npm run build:weapp -- --watch",
      "dev:swan": "npm run build:swan -- --watch",
      "dev:alipay": "npm run build:alipay -- --watch",
      "dev:tt": "npm run build:tt -- --watch",
      "dev:h5": "npm run build:h5 -- --watch",
      "dev:rn": "npm run build:rn -- --watch"
    },
    "author": "",
    "license": "MIT",
    "dependencies": {
      "@tarojs/async-await": "1.3.10",
      "@tarojs/components": "1.3.10",
      "@tarojs/redux": "1.3.10",
      "@tarojs/redux-h5": "1.3.10",
      "@tarojs/router": "1.3.10",
      "@tarojs/taro": "1.3.10",
      "@tarojs/taro-alipay": "1.3.10",
      "@tarojs/taro-h5": "1.3.10",
      "@tarojs/taro-swan": "1.3.10",
      "@tarojs/taro-tt": "1.3.10",
      "@tarojs/taro-weapp": "1.3.10",
      "nervjs": "^1.4.0",
      "nerv-devtools": "^1.4.0",
      "redux": "^4.0.0",
      "redux-logger": "^3.0.6",
      "redux-thunk": "^2.3.0"
    },
    "devDependencies": {
      "@types/react": "^16.4.8",
      "@types/webpack-env": "^1.13.6",
      "@tarojs/plugin-babel": "1.3.10",
      "@tarojs/plugin-csso": "1.3.10",
      "@tarojs/plugin-less": "1.3.10",
      "@tarojs/plugin-uglifyjs": "1.3.10",
      "@tarojs/webpack-runner": "1.3.10",
      "babel-plugin-transform-class-properties": "^6.24.1",
      "babel-plugin-transform-decorators-legacy": "^1.3.4",
      "babel-plugin-transform-jsx-stylesheet": "^0.6.5",
      "babel-plugin-transform-object-rest-spread": "^6.26.0",
      "babel-preset-env": "^1.6.1",
      "babel-eslint": "^8.2.3",
      "eslint": "^5.16.0",
      "eslint-config-taro": "1.3.10",
      "eslint-plugin-react": "^7.8.2",
      "eslint-plugin-import": "^2.12.0",
      "stylelint": "9.3.0",
      "stylelint-config-taro-rn": "1.3.10",
      "stylelint-taro-rn": "1.3.10",
      "eslint-plugin-taro": "1.3.10",
      "@typescript-eslint/parser": "^1.6.0",
      "typescript": "^3.0.1"
    }
  }

yarn manifest: 
  No manifest

Lockfile: 
  No lockfile
